-------------------------------------------------------------------------------
Test set: com.tacx.runners.FailedRunner
-------------------------------------------------------------------------------
Tests run: 1, Failures: 1, Errors: 0, Skipped: 0, Time elapsed: 8.528 s <<< FAILURE! - in com.tacx.runners.FailedRunner
User should not able to create an account with invalid name(Create a workout)  Time elapsed: 8.487 s  <<< FAILURE!
java.lang.AssertionError

